{"date":"Thu Mar 21 2024 20:53:29 GMT+0530 (India Standard Time)","error":{},"level":"error","message":"unhandledRejection: errorLogger is not defined\nReferenceError: errorLogger is not defined\n    at file:///C:/Users/Abhijit/study%20materiel/full%20stack/hospital_manage/hospital_manage_back/server.js:19:3\n    at process.processTicksAndRejections (node:internal/process/task_queues:95:5)","os":{"loadavg":[0,0,0],"uptime":2568.437},"process":{"argv":["C:\\Program Files\\nodejs\\node.exe","C:\\Users\\Abhijit\\study materiel\\full stack\\hospital_manage\\hospital_manage_back\\server.js","--trace-warnings"],"cwd":"C:\\Users\\Abhijit\\study materiel\\full stack\\hospital_manage\\hospital_manage_back","execPath":"C:\\Program Files\\nodejs\\node.exe","gid":null,"memoryUsage":{"arrayBuffers":206076,"external":3063676,"heapTotal":55390208,"heapUsed":24174504,"rss":74403840},"pid":4472,"uid":null,"version":"v20.10.0"},"rejection":true,"stack":"ReferenceError: errorLogger is not defined\n    at file:///C:/Users/Abhijit/study%20materiel/full%20stack/hospital_manage/hospital_manage_back/server.js:19:3\n    at process.processTicksAndRejections (node:internal/process/task_queues:95:5)","timestamp":"2024-03-21T15:23:29.771Z","trace":[{"column":3,"file":"file:///C:/Users/Abhijit/study%20materiel/full%20stack/hospital_manage/hospital_manage_back/server.js","function":null,"line":19,"method":null,"native":false},{"column":5,"file":"node:internal/process/task_queues","function":"process.processTicksAndRejections","line":95,"method":"processTicksAndRejections","native":false}]}
{"date":"Thu Mar 21 2024 20:54:42 GMT+0530 (India Standard Time)","error":{},"level":"error","message":"unhandledRejection: errorLogger is not defined\nReferenceError: errorLogger is not defined\n    at file:///C:/Users/Abhijit/study%20materiel/full%20stack/hospital_manage/hospital_manage_back/server.js:19:3\n    at process.processTicksAndRejections (node:internal/process/task_queues:95:5)","os":{"loadavg":[0,0,0],"uptime":2641.625},"process":{"argv":["C:\\Program Files\\nodejs\\node.exe","C:\\Users\\Abhijit\\study materiel\\full stack\\hospital_manage\\hospital_manage_back\\server.js","--trace-warnings"],"cwd":"C:\\Users\\Abhijit\\study materiel\\full stack\\hospital_manage\\hospital_manage_back","execPath":"C:\\Program Files\\nodejs\\node.exe","gid":null,"memoryUsage":{"arrayBuffers":206076,"external":3063676,"heapTotal":54865920,"heapUsed":23862744,"rss":74358784},"pid":7240,"uid":null,"version":"v20.10.0"},"rejection":true,"stack":"ReferenceError: errorLogger is not defined\n    at file:///C:/Users/Abhijit/study%20materiel/full%20stack/hospital_manage/hospital_manage_back/server.js:19:3\n    at process.processTicksAndRejections (node:internal/process/task_queues:95:5)","timestamp":"2024-03-21T15:24:42.961Z","trace":[{"column":3,"file":"file:///C:/Users/Abhijit/study%20materiel/full%20stack/hospital_manage/hospital_manage_back/server.js","function":null,"line":19,"method":null,"native":false},{"column":5,"file":"node:internal/process/task_queues","function":"process.processTicksAndRejections","line":95,"method":"processTicksAndRejections","native":false}]}
{"date":"Thu Mar 21 2024 20:57:00 GMT+0530 (India Standard Time)","error":{},"level":"error","message":"unhandledRejection: errorLogger is not defined\nReferenceError: errorLogger is not defined\n    at file:///C:/Users/Abhijit/study%20materiel/full%20stack/hospital_manage/hospital_manage_back/server.js:19:3\n    at process.processTicksAndRejections (node:internal/process/task_queues:95:5)","os":{"loadavg":[0,0,0],"uptime":2779.187},"process":{"argv":["C:\\Program Files\\nodejs\\node.exe","C:\\Users\\Abhijit\\study materiel\\full stack\\hospital_manage\\hospital_manage_back\\server.js","--trace-warnings"],"cwd":"C:\\Users\\Abhijit\\study materiel\\full stack\\hospital_manage\\hospital_manage_back","execPath":"C:\\Program Files\\nodejs\\node.exe","gid":null,"memoryUsage":{"arrayBuffers":206076,"external":3063676,"heapTotal":55128064,"heapUsed":24294112,"rss":74379264},"pid":8816,"uid":null,"version":"v20.10.0"},"rejection":true,"stack":"ReferenceError: errorLogger is not defined\n    at file:///C:/Users/Abhijit/study%20materiel/full%20stack/hospital_manage/hospital_manage_back/server.js:19:3\n    at process.processTicksAndRejections (node:internal/process/task_queues:95:5)","timestamp":"2024-03-21T15:27:00.520Z","trace":[{"column":3,"file":"file:///C:/Users/Abhijit/study%20materiel/full%20stack/hospital_manage/hospital_manage_back/server.js","function":null,"line":19,"method":null,"native":false},{"column":5,"file":"node:internal/process/task_queues","function":"process.processTicksAndRejections","line":95,"method":"processTicksAndRejections","native":false}]}
{"date":"Thu Mar 21 2024 20:57:31 GMT+0530 (India Standard Time)","error":{},"level":"error","message":"unhandledRejection: errorLoggerer is not defined\nReferenceError: errorLoggerer is not defined\n    at file:///C:/Users/Abhijit/study%20materiel/full%20stack/hospital_manage/hospital_manage_back/server.js:20:3\n    at process.processTicksAndRejections (node:internal/process/task_queues:95:5)","os":{"loadavg":[0,0,0],"uptime":2810.015},"process":{"argv":["C:\\Program Files\\nodejs\\node.exe","C:\\Users\\Abhijit\\study materiel\\full stack\\hospital_manage\\hospital_manage_back\\server.js","--trace-warnings"],"cwd":"C:\\Users\\Abhijit\\study materiel\\full stack\\hospital_manage\\hospital_manage_back","execPath":"C:\\Program Files\\nodejs\\node.exe","gid":null,"memoryUsage":{"arrayBuffers":206076,"external":3063676,"heapTotal":55128064,"heapUsed":24235248,"rss":74510336},"pid":3368,"uid":null,"version":"v20.10.0"},"rejection":true,"stack":"ReferenceError: errorLoggerer is not defined\n    at file:///C:/Users/Abhijit/study%20materiel/full%20stack/hospital_manage/hospital_manage_back/server.js:20:3\n    at process.processTicksAndRejections (node:internal/process/task_queues:95:5)","timestamp":"2024-03-21T15:27:31.347Z","trace":[{"column":3,"file":"file:///C:/Users/Abhijit/study%20materiel/full%20stack/hospital_manage/hospital_manage_back/server.js","function":null,"line":20,"method":null,"native":false},{"column":5,"file":"node:internal/process/task_queues","function":"process.processTicksAndRejections","line":95,"method":"processTicksAndRejections","native":false}]}
{"level":"error","message":"failed to connect to DataBase","timestamp":"2024-03-21T15:27:49.554Z"}
{"level":"error","message":{"status":"server error","statusCode":500},"timestamp":"2024-03-21T15:34:50.560Z"}
{"level":"error","message":{"status":"server error","statusCode":500},"timestamp":"2024-03-21T15:35:19.892Z"}
{"level":"error","message":{"status":"server error","statusCode":500},"timestamp":"2024-03-21T15:37:52.139Z"}
{"level":"error","message":{"status":"server error","statusCode":500},"timestamp":"2024-03-21T15:39:02.199Z"}
{"level":"error","message":{"isOperational":true,"status":"failed to do this operation","statusCode":400},"timestamp":"2024-03-21T15:41:43.958Z"}
{"level":"error","message":{"status":"server error","statusCode":500},"timestamp":"2024-03-21T15:42:05.187Z"}
{"level":"error","message":{"status":"server error","statusCode":500},"timestamp":"2024-03-21T15:42:18.818Z"}
{"level":"error","message":{"status":"server error","statusCode":500},"timestamp":"2024-03-21T15:43:00.922Z"}
{"level":"error","message":{"status":"server error","statusCode":500},"timestamp":"2024-03-21T15:43:37.345Z"}
{"level":"error","message":{"status":"server error","statusCode":500},"timestamp":"2024-03-21T15:46:43.570Z"}
{"level":"error","message":{"status":"server error","statusCode":500},"timestamp":"2024-03-21T15:49:45.884Z"}
{"level":"error","message":{"status":"server error","statusCode":500},"timestamp":"2024-03-21T15:51:23.721Z"}
{"level":"error","message":"failed to connect to DataBase","timestamp":"2024-03-22T03:04:57.780Z"}
{"level":"error","message":"failed to connect to DataBase","timestamp":"2024-03-22T03:05:05.613Z"}
{"level":"error","message":"failed to connect to DataBase","timestamp":"2024-03-22T03:07:05.440Z"}
{"level":"error","message":{"isOperational":true,"status":"failed to do this operation","statusCode":400},"timestamp":"2024-03-22T03:12:09.324Z"}
{"level":"error","message":{"isOperational":true,"status":"failed to do this operation","statusCode":400},"timestamp":"2024-03-22T03:12:35.796Z"}
{"level":"error","message":{"isOperational":true,"status":"failed to do this operation","statusCode":400},"timestamp":"2024-03-22T03:12:53.850Z"}
{"level":"error","message":{"isOperational":true,"status":"failed to do this operation","statusCode":400},"timestamp":"2024-03-22T03:13:20.450Z"}
{"level":"error","message":{"isOperational":true,"status":"failed to do this operation","statusCode":400},"timestamp":"2024-03-22T03:13:47.756Z"}
{"level":"error","message":{"isOperational":true,"status":"failed to do this operation","statusCode":400},"timestamp":"2024-03-22T03:13:53.677Z"}
{"level":"error","message":{"isOperational":true,"status":"failed to do this operation","statusCode":400},"timestamp":"2024-03-22T03:14:03.597Z"}
{"level":"error","message":{"isOperational":true,"status":"failed to do this operation","statusCode":400},"timestamp":"2024-03-22T03:14:25.896Z"}
{"level":"error","message":{"isOperational":true,"status":"failed to do this operation","statusCode":400},"timestamp":"2024-03-22T03:14:30.511Z"}
{"level":"error","message":{"isOperational":true,"status":"failed to do this operation","statusCode":400},"timestamp":"2024-03-22T03:14:36.839Z"}
{"level":"error","message":{"isOperational":true,"status":"failed to do this operation","statusCode":400},"timestamp":"2024-03-22T03:14:38.169Z"}
{"level":"error","message":{"isOperational":true,"status":"failed to do this operation","statusCode":400},"timestamp":"2024-03-22T03:14:39.519Z"}
{"level":"error","message":{"isOperational":true,"status":"failed to do this operation","statusCode":400},"timestamp":"2024-03-22T03:14:40.910Z"}
{"level":"error","message":{"isOperational":true,"status":"failed to do this operation","statusCode":400},"timestamp":"2024-03-22T03:14:42.181Z"}
{"level":"error","message":{"isOperational":true,"status":"failed to do this operation","statusCode":400},"timestamp":"2024-03-22T03:14:43.433Z"}
{"level":"error","message":"failed to connect to DataBase","timestamp":"2024-03-22T06:27:20.115Z"}
{"level":"error","message":"failed to connect to DataBase","timestamp":"2024-04-14T02:47:57.683Z"}
